basicexample/app/build/intermediates/manifest_merge_blame_file/debug/manifest-merger-blame-debug-report.txt
1<?xml version="1.0" encoding="utf-8"?>
2<manifest xmlns:android="http://schemas.android.com/apk/res/android"
3    package="com.google.ads.interactivemedia.v3.samples.videoplayerapp"
4    android:versionCode="1"
5    android:versionName="1.0" >
6
7    <uses-sdk
8        android:minSdkVersion="21"
8-->src/main/AndroidManifest.xml
9        android:targetSdkVersion="32" />
9-->src/main/AndroidManifest.xml
10
11    <!-- Required permissions for the IMA SDK -->
12    <uses-permission android:name="android.permission.INTERNET" />
12-->src/main/AndroidManifest.xml:6:5-66
12-->src/main/AndroidManifest.xml:6:22-64
13    <uses-permission android:name="android.permission.ACCESS_NETWORK_STATE" />
13-->src/main/AndroidManifest.xml:7:5-78
13-->src/main/AndroidManifest.xml:7:22-76
14    <uses-permission android:name="com.google.android.gms.permission.AD_ID" />
14-->[com.google.ads.interactivemedia.v3:interactivemedia:3.30.1] AndroidManifest.xml:13:5-79
14-->[com.google.ads.interactivemedia.v3:interactivemedia:3.30.1] AndroidManifest.xml:13:22-76
15
16    <uses-feature
16-->[com.google.android.tv:tv-ads:1.0.0-alpha02] AndroidManifest.xml:11:5-13:36
17        android:name="android.software.leanback"
17-->[com.google.android.tv:tv-ads:1.0.0-alpha02] AndroidManifest.xml:12:9-49
18        android:required="false" />
18-->[com.google.android.tv:tv-ads:1.0.0-alpha02] AndroidManifest.xml:13:9-33
19    <uses-feature
19-->[com.google.android.tv:tv-ads:1.0.0-alpha02] AndroidManifest.xml:14:5-16:36
20        android:name="android.hardware.touchscreen"
20-->[com.google.android.tv:tv-ads:1.0.0-alpha02] AndroidManifest.xml:15:9-52
21        android:required="false" />
21-->[com.google.android.tv:tv-ads:1.0.0-alpha02] AndroidManifest.xml:16:9-33
22
23    <queries>
23-->[com.google.android.tv:tv-ads:1.0.0-alpha02] AndroidManifest.xml:20:5-24:15
24        <package android:name="com.google.android.apps.tv.launcherx" />
24-->[com.google.android.tv:tv-ads:1.0.0-alpha02] AndroidManifest.xml:21:9-72
24-->[com.google.android.tv:tv-ads:1.0.0-alpha02] AndroidManifest.xml:21:18-69
25        <package android:name="com.google.android.tvlauncher" />
25-->[com.google.android.tv:tv-ads:1.0.0-alpha02] AndroidManifest.xml:22:9-65
25-->[com.google.android.tv:tv-ads:1.0.0-alpha02] AndroidManifest.xml:22:18-62
26        <package android:name="com.google.android.tvrecommendations" />
26-->[com.google.android.tv:tv-ads:1.0.0-alpha02] AndroidManifest.xml:23:9-72
26-->[com.google.android.tv:tv-ads:1.0.0-alpha02] AndroidManifest.xml:23:18-69
27    </queries>
28
29    <permission
29-->[androidx.core:core:1.9.0] AndroidManifest.xml:22:5-24:47
30        android:name="com.google.ads.interactivemedia.v3.samples.videoplayerapp.DYNAMIC_RECEIVER_NOT_EXPORTED_PERMISSION"
30-->[androidx.core:core:1.9.0] AndroidManifest.xml:23:9-81
31        android:protectionLevel="signature" />
31-->[androidx.core:core:1.9.0] AndroidManifest.xml:24:9-44
32
33    <uses-permission android:name="com.google.ads.interactivemedia.v3.samples.videoplayerapp.DYNAMIC_RECEIVER_NOT_EXPORTED_PERMISSION" />
33-->[androidx.core:core:1.9.0] AndroidManifest.xml:26:5-97
33-->[androidx.core:core:1.9.0] AndroidManifest.xml:26:22-94
34
35    <application
35-->src/main/AndroidManifest.xml:8:5-23:19
36        android:allowBackup="true"
36-->src/main/AndroidManifest.xml:9:9-35
37        android:appComponentFactory="androidx.core.app.CoreComponentFactory"
37-->[androidx.core:core:1.9.0] AndroidManifest.xml:28:18-86
38        android:debuggable="true"
39        android:icon="@drawable/ic_launcher"
39-->src/main/AndroidManifest.xml:10:9-45
40        android:label="@string/app_name"
40-->src/main/AndroidManifest.xml:11:9-41
41        android:taskAffinity=""
41-->src/main/AndroidManifest.xml:12:9-32
42        android:testOnly="true" >
43        <activity
43-->src/main/AndroidManifest.xml:13:9-22:20
44            android:name="com.google.ads.interactivemedia.v3.samples.videoplayerapp.MyActivity"
44-->src/main/AndroidManifest.xml:14:13-39
45            android:configChanges="keyboard|keyboardHidden|orientation|screenLayout|uiMode|screenSize|smallestScreenSize"
45-->src/main/AndroidManifest.xml:15:13-122
46            android:exported="true"
46-->src/main/AndroidManifest.xml:16:13-36
47            android:theme="@style/Theme.AppCompat.Light" >
47-->src/main/AndroidManifest.xml:17:13-57
48            <intent-filter>
48-->src/main/AndroidManifest.xml:18:13-21:29
49                <action android:name="android.intent.action.MAIN" />
49-->src/main/AndroidManifest.xml:19:17-69
49-->src/main/AndroidManifest.xml:19:25-66
50
51                <category android:name="android.intent.category.LAUNCHER" />
51-->src/main/AndroidManifest.xml:20:17-77
51-->src/main/AndroidManifest.xml:20:27-74
52            </intent-filter>
53        </activity>
54        <activity
54-->[com.google.android.tv:tv-ads:1.0.0-alpha02] AndroidManifest.xml:27:9-31:20
55            android:name="com.google.android.tv.ads.controls.FallbackImageActivity"
55-->[com.google.android.tv:tv-ads:1.0.0-alpha02] AndroidManifest.xml:28:13-84
56            android:exported="false"
56-->[com.google.android.tv:tv-ads:1.0.0-alpha02] AndroidManifest.xml:29:13-37
57            android:theme="@style/Theme.AppCompat.NoActionBar.Translucent" >
57-->[com.google.android.tv:tv-ads:1.0.0-alpha02] AndroidManifest.xml:30:13-75
58        </activity>
59        <activity
59-->[com.google.android.gms:play-services-base:18.2.0] AndroidManifest.xml:20:9-22:45
60            android:name="com.google.android.gms.common.api.GoogleApiActivity"
60-->[com.google.android.gms:play-services-base:18.2.0] AndroidManifest.xml:20:19-85
61            android:exported="false"
61-->[com.google.android.gms:play-services-base:18.2.0] AndroidManifest.xml:22:19-43
62            android:theme="@android:style/Theme.Translucent.NoTitleBar" />
62-->[com.google.android.gms:play-services-base:18.2.0] AndroidManifest.xml:21:19-78
63
64        <meta-data
64-->[com.google.android.gms:play-services-basement:18.1.0] AndroidManifest.xml:21:9-23:69
65            android:name="com.google.android.gms.version"
65-->[com.google.android.gms:play-services-basement:18.1.0] AndroidManifest.xml:22:13-58
66            android:value="@integer/google_play_services_version" />
66-->[com.google.android.gms:play-services-basement:18.1.0] AndroidManifest.xml:23:13-66
67
68        <provider
68-->[androidx.emoji2:emoji2:1.2.0] AndroidManifest.xml:24:9-32:20
69            android:name="androidx.startup.InitializationProvider"
69-->[androidx.emoji2:emoji2:1.2.0] AndroidManifest.xml:25:13-67
70            android:authorities="com.google.ads.interactivemedia.v3.samples.videoplayerapp.androidx-startup"
70-->[androidx.emoji2:emoji2:1.2.0] AndroidManifest.xml:26:13-68
71            android:exported="false" >
71-->[androidx.emoji2:emoji2:1.2.0] AndroidManifest.xml:27:13-37
72            <meta-data
72-->[androidx.emoji2:emoji2:1.2.0] AndroidManifest.xml:29:13-31:52
73                android:name="androidx.emoji2.text.EmojiCompatInitializer"
73-->[androidx.emoji2:emoji2:1.2.0] AndroidManifest.xml:30:17-75
74                android:value="androidx.startup" />
74-->[androidx.emoji2:emoji2:1.2.0] AndroidManifest.xml:31:17-49
75            <meta-data
75-->[androidx.lifecycle:lifecycle-process:2.4.1] AndroidManifest.xml:31:13-33:52
76                android:name="androidx.lifecycle.ProcessLifecycleInitializer"
76-->[androidx.lifecycle:lifecycle-process:2.4.1] AndroidManifest.xml:32:17-78
77                android:value="androidx.startup" />
77-->[androidx.lifecycle:lifecycle-process:2.4.1] AndroidManifest.xml:33:17-49
78        </provider>
79    </application>
80
81</manifest>